<?xml version="1.0" encoding="utf-8"?><testsuites name="pytest tests"><testsuite name="pytest" errors="0" failures="0" skipped="0" tests="4" time="0.709" timestamp="2026-06-07T18:12:13.117861-04:00" hostname="DESKTOP-G9H58Q4"><testcase classname="tests.lab.test_storage_mutation_smoke" name="test_storage_benchmark_preview_records_cleanup_evidence" time="0.106" /><testcase classname="tests.lab.test_storage_mutation_smoke" name="test_storage_expansion_remains_backend_guarded" time="0.050" /><testcase classname="tests.lab.test_node_update_smoke" name="test_node_update_read_only_preflight_records_guarded_evidence" time="0.442" /><testcase classname="tests.ssh.test_tools" name="test_execute_ssh_denies_arbitrary_fio_by_default" time="0.006" /></testsuite></testsuites>