<?xml version="1.0" encoding="utf-8"?><testsuites name="pytest tests"><testsuite name="pytest" errors="0" failures="0" skipped="8" tests="28" time="13.431" timestamp="2026-06-07T18:12:57.703955-04:00" hostname="DESKTOP-G9H58Q4"><testcase classname="tests.lab.test_backup_smoke" name="test_registered_vm_backup_creates_listable_artifact" time="3.629" /><testcase classname="tests.lab.test_backup_smoke" name="test_verify_backup_remains_guarded_without_backend_contract" time="0.031" /><testcase classname="tests.lab.test_backup_verify_smoke" name="test_pbs_backup_verification_requires_profile_prerequisites" time="0.001"><skipped type="pytest.skip" message="Select PROXMOX_MCP_LAB_PROFILE=pve-9-pbs-enabled for PBS verification">C:\Users\0x\Projects\enterprise-proxmox-mcp\tests\lab\test_backup_verify_smoke.py:27: Select PROXMOX_MCP_LAB_PROFILE=pve-9-pbs-enabled for PBS verification</skipped></testcase><testcase classname="tests.lab.test_backup_verify_smoke" name="test_disposable_backup_records_restore_preconditions" time="3.618" /><testcase classname="tests.lab.test_ceph_profile_smoke" name="test_ceph_profile_reports_cluster_status" time="0.006"><skipped type="pytest.skip" message="Select PROXMOX_MCP_LAB_PROFILE=pve-9-ceph-enabled for Ceph profile tests">C:\Users\0x\Projects\enterprise-proxmox-mcp\tests\lab\test_ceph_profile_smoke.py:19: Select PROXMOX_MCP_LAB_PROFILE=pve-9-ceph-enabled for Ceph profile tests</skipped></testcase><testcase classname="tests.lab.test_ha_profile_smoke" name="test_ha_profile_reports_cluster_resources" time="0.008"><skipped type="pytest.skip" message="Select PROXMOX_MCP_LAB_PROFILE=pve-9-ha-enabled for HA profile tests">C:\Users\0x\Projects\enterprise-proxmox-mcp\tests\lab\test_ha_profile_smoke.py:16: Select PROXMOX_MCP_LAB_PROFILE=pve-9-ha-enabled for HA profile tests</skipped></testcase><testcase classname="tests.lab.test_lxc_smoke" name="test_lxc_inventory_lists_containers" time="0.026" /><testcase classname="tests.lab.test_lxc_smoke" name="test_lxc_template_discovery_is_skip_safe" time="0.049"><skipped type="pytest.skip" message="No LXC templates found on storage 'local'">C:\Users\0x\Projects\enterprise-proxmox-mcp\tests\lab\test_lxc_smoke.py:34: No LXC templates found on storage 'local'</skipped></testcase><testcase classname="tests.lab.test_lxc_smoke" name="test_disposable_lxc_lifecycle_when_template_exists" time="0.047"><skipped type="pytest.skip" message="No LXC templates found on storage 'local'">C:\Users\0x\Projects\enterprise-proxmox-mcp\tests\lab\test_lxc_smoke.py:54: No LXC templates found on storage 'local'</skipped></testcase><testcase classname="tests.lab.test_multi_node_profile_smoke" name="test_multi_node_profile_requires_expected_cluster_size" time="0.005"><skipped type="pytest.skip" message="Select PROXMOX_MCP_LAB_PROFILE=pve-9-multi-node for multi-node tests">C:\Users\0x\Projects\enterprise-proxmox-mcp\tests\lab\test_multi_node_profile_smoke.py:18: Select PROXMOX_MCP_LAB_PROFILE=pve-9-multi-node for multi-node tests</skipped></testcase><testcase classname="tests.lab.test_node_update_smoke" name="test_node_update_read_only_preflight_records_guarded_evidence" time="0.356" /><testcase classname="tests.lab.test_pbs_profile_smoke" name="test_pbs_profile_reports_configured_repository" time="0.004"><skipped type="pytest.skip" message="Select PROXMOX_MCP_LAB_PROFILE=pve-9-pbs-enabled for PBS profile tests">C:\Users\0x\Projects\enterprise-proxmox-mcp\tests\lab\test_pbs_profile_smoke.py:18: Select PROXMOX_MCP_LAB_PROFILE=pve-9-pbs-enabled for PBS profile tests</skipped></testcase><testcase classname="tests.lab.test_read_only_smoke" name="test_lab_cluster_and_node_discovery" time="0.065" /><testcase classname="tests.lab.test_read_only_smoke" name="test_lab_guest_and_storage_discovery" time="0.134" /><testcase classname="tests.lab.test_read_only_smoke" name="test_lab_storage_content_discovery" time="0.029" /><testcase classname="tests.lab.test_read_only_smoke" name="test_lab_access_and_permission_discovery" time="0.034" /><testcase classname="tests.lab.test_read_only_smoke" name="test_lab_ceph_ha_and_firewall_discovery" time="0.033"><skipped type="pytest.skip" message="Ceph is not installed on this Proxmox lab node">C:\Users\0x\Projects\enterprise-proxmox-mcp\tests\lab\test_read_only_smoke.py:76: Ceph is not installed on this Proxmox lab node</skipped></testcase><testcase classname="tests.lab.test_registered_tool_execution_smoke" name="test_registered_read_tool_executes_through_security_and_audit" time="0.048" /><testcase classname="tests.lab.test_registered_tool_execution_smoke" name="test_registered_read_tool_requires_authenticated_lab_session" time="0.027" /><testcase classname="tests.lab.test_registered_tool_execution_smoke" name="test_registered_read_tool_enforces_rbac_before_lab_api_call" time="0.051" /><testcase classname="tests.lab.test_registered_tool_execution_smoke" name="test_registered_read_tool_enforces_policy_before_lab_api_call" time="0.026" /><testcase classname="tests.lab.test_registered_vm_lifecycle_smoke" name="test_registered_vm_config_update_records_lab_contract" time="2.348" /><testcase classname="tests.lab.test_storage_mutation_smoke" name="test_storage_benchmark_preview_records_cleanup_evidence" time="0.051" /><testcase classname="tests.lab.test_storage_mutation_smoke" name="test_storage_expansion_remains_backend_guarded" time="0.050" /><testcase classname="tests.lab.test_storage_profiles" name="test_local_directory_storage_content_discovery" time="0.051" /><testcase classname="tests.lab.test_storage_profiles" name="test_local_lvm_storage_is_classified_without_generic_content_claim" time="0.191" /><testcase classname="tests.lab.test_storage_profiles" name="test_storage_profile_keeps_expansion_and_benchmark_unclaimed" time="0.025" /><testcase classname="tests.lab.test_vm_mutation_smoke" name="test_lab_create_update_and_delete_disposable_vm" time="2.366" /></testsuite></testsuites>