<?xml version="1.0" encoding="utf-8"?><testsuites name="pytest tests"><testsuite name="pytest" errors="0" failures="0" skipped="0" tests="3" time="3.029" timestamp="2026-06-07T18:05:58.919190-04:00" hostname="DESKTOP-G9H58Q4"><testcase classname="tests.lab.test_node_update_smoke" name="test_node_update_read_only_preflight_records_guarded_evidence" time="2.814" /><testcase classname="tests.lab.test_storage_mutation_smoke" name="test_storage_benchmark_preview_records_cleanup_evidence" time="0.050" /><testcase classname="tests.lab.test_storage_mutation_smoke" name="test_storage_expansion_remains_backend_guarded" time="0.051" /></testsuite></testsuites>